<?xml version="1.0" encoding="UTF-8"?>
<!-- Generated by org.testng.reporters.JUnitReportReporter -->
<testsuite hostname="NagarajNaik961" failures="0" tests="2" name="OrangeHRMTest.LoginTest" time="36.408" errors="0" timestamp="2025-08-07T21:53:54 IST" skipped="0">
  <testcase classname="OrangeHRMTest.LoginTest" name="validLoginTest" time="13.815"/>
  <testcase classname="OrangeHRMTest.LoginTest" name="invalidLoginTest" time="22.593"/>
</testsuite> <!-- OrangeHRMTest.LoginTest -->
