<?xml version="1.0" encoding="UTF-8"?>
<!-- Generated by org.testng.reporters.JUnitReportReporter -->
<testsuite hostname="NagarajNaik961" failures="0" tests="2" name="OrangeHRMTest.LoginTest" time="37.198" errors="0" timestamp="2025-08-07T19:32:48 IST" skipped="0">
  <testcase classname="OrangeHRMTest.LoginTest" name="validLoginTest" time="12.622"/>
  <testcase classname="OrangeHRMTest.LoginTest" name="invalidLoginTest" time="24.576"/>
</testsuite> <!-- OrangeHRMTest.LoginTest -->
