<?xml version="1.0" encoding="UTF-8"?>
<!-- Generated by org.testng.reporters.JUnitReportReporter -->
<testsuite hostname="NagarajNaik961" failures="0" tests="1" name="OrangeHRMTest.PIMTest" time="58.265" errors="0" timestamp="2025-08-07T19:31:42 IST" skipped="0">
  <testcase classname="OrangeHRMTest.PIMTest" name="testPIMFlow" time="58.265"/>
</testsuite> <!-- OrangeHRMTest.PIMTest -->
