<?xml version="1.0" encoding="UTF-8"?>
<!-- Generated by org.testng.reporters.JUnitReportReporter -->
<testsuite hostname="NagarajNaik961" failures="0" tests="2" name="OrangeHRMTest.LoginandPIMtest" time="81.807" errors="0" timestamp="2025-08-06T23:11:11 IST" skipped="0">
  <testcase classname="OrangeHRMTest.LoginandPIMtest" name="validLoginTest" time="43.458"/>
  <testcase classname="OrangeHRMTest.LoginandPIMtest" name="invalidLoginTest" time="38.349"/>
</testsuite> <!-- OrangeHRMTest.LoginandPIMtest -->
