<?xml version="1.0" encoding="UTF-8"?>
<!-- Generated by org.testng.reporters.JUnitReportReporter -->
<testsuite hostname="NagarajNaik961" failures="0" tests="4" name="OrangeHRMTest.LoginTest" time="115.266" errors="0" timestamp="2025-08-07T21:39:53 IST" skipped="0">
  <testcase classname="OrangeHRMTest.LoginTest" name="validLoginTest" time="17.341"/>
  <testcase classname="OrangeHRMTest.LoginTest" name="validLoginTest" time="34.623"/>
  <testcase classname="OrangeHRMTest.LoginTest" name="invalidLoginTest" time="21.527"/>
  <testcase classname="OrangeHRMTest.LoginTest" name="invalidLoginTest" time="41.775"/>
</testsuite> <!-- OrangeHRMTest.LoginTest -->
